[INFO] Scanning for projects...
[INFO] 
[INFO] ------------------------< com.megamart:backend >------------------------
[INFO] Building MegaMart Backend 0.0.1-SNAPSHOT
[INFO]   from pom.xml
[INFO] --------------------------------[ jar ]---------------------------------
[INFO] 
[INFO] --- clean:3.3.2:clean (default-clean) @ backend ---
[INFO] Deleting c:\Users\ADMIN\Desktop\Edutalks\hr_attendance_backend\target
[INFO] 
[INFO] >>> spring-boot:3.2.5:run (default-cli) > test-compile @ backend >>>
[INFO] 
[INFO] --- resources:3.3.1:resources (default-resources) @ backend ---
[INFO] Copying 2 resources from src\main\resources to target\classes
[INFO] Copying 4 resources from src\main\resources to target\classes
[INFO] 
[INFO] --- compiler:3.11.0:compile (default-compile) @ backend ---
[INFO] Changes detected - recompiling the module! :source
[INFO] Compiling 114 source files with javac [debug release 21] to target\classes
[INFO] Annotation processing is enabled because one or more processors were found
  on the class path. A future release of javac may disable annotation processing
  unless at least one processor is specified by name (-processor), or a search
  path is specified (--processor-path, --processor-module-path), or annotation
  processing is enabled explicitly (-proc:only, -proc:full).
  Use -Xlint:-options to suppress this message.
  Use -proc:none to disable annotation processing.
[INFO] 
[INFO] --- resources:3.3.1:testResources (default-testResources) @ backend ---
[INFO] skip non existing resourceDirectory c:\Users\ADMIN\Desktop\Edutalks\hr_attendance_backend\src\test\resources
[INFO] 
[INFO] --- compiler:3.11.0:testCompile (default-testCompile) @ backend ---
[INFO] Changes detected - recompiling the module! :dependency
[INFO] Compiling 1 source file with javac [debug release 21] to target\test-classes
[INFO] Annotation processing is enabled because one or more processors were found
  on the class path. A future release of javac may disable annotation processing
  unless at least one processor is specified by name (-processor), or a search
  path is specified (--processor-path, --processor-module-path), or annotation
  processing is enabled explicitly (-proc:only, -proc:full).
  Use -Xlint:-options to suppress this message.
  Use -proc:none to disable annotation processing.
[INFO] 
[INFO] <<< spring-boot:3.2.5:run (default-cli) < test-compile @ backend <<<
[INFO] 
[INFO] 
[INFO] --- spring-boot:3.2.5:run (default-cli) @ backend ---
[INFO] Attaching agents: []

  .   ____          _            __ _ _
 /\\ / ___'_ __ _ _(_)_ __  __ _ \ \ \ \
( ( )\___ | '_ | '_| | '_ \/ _` | \ \ \ \
 \\/  ___)| |_)| | | | | || (_| |  ) ) ) )
  '  |____| .__|_| |_|_| |_\__, | / / / /
 =========|_|==============|___/=/_/_/_/
 :: Spring Boot ::                (v3.2.5)

2025-12-28T00:57:34.589+05:30  INFO 10948 --- [  restartedMain] c.megamart.backend.BackendApplication    : Starting BackendApplication using Java 21.0.9 with PID 10948 (c:\Users\ADMIN\Desktop\Edutalks\hr_attendance_backend\target\classes started by ADMIN in c:\Users\ADMIN\Desktop\Edutalks\hr_attendance_backend)
2025-12-28T00:57:34.596+05:30 DEBUG 10948 --- [  restartedMain] c.megamart.backend.BackendApplication    : Running with Spring Boot v3.2.5, Spring v6.1.6
2025-12-28T00:57:34.598+05:30  INFO 10948 --- [  restartedMain] c.megamart.backend.BackendApplication    : No active profile set, falling back to 1 default profile: "default"
2025-12-28T00:57:34.739+05:30  INFO 10948 --- [  restartedMain] .e.DevToolsPropertyDefaultsPostProcessor : Devtools property defaults active! Set 'spring.devtools.add-properties' to 'false' to disable
2025-12-28T00:57:34.739+05:30  INFO 10948 --- [  restartedMain] .e.DevToolsPropertyDefaultsPostProcessor : For additional web related logging consider setting the 'logging.level.web' property to 'DEBUG'
2025-12-28T00:57:37.407+05:30  INFO 10948 --- [  restartedMain] .s.d.r.c.RepositoryConfigurationDelegate : Bootstrapping Spring Data JPA repositories in DEFAULT mode.
2025-12-28T00:57:37.746+05:30  INFO 10948 --- [  restartedMain] .s.d.r.c.RepositoryConfigurationDelegate : Finished Spring Data repository scanning in 319 ms. Found 19 JPA repository interfaces.
2025-12-28T00:57:39.601+05:30  INFO 10948 --- [  restartedMain] o.s.b.w.embedded.tomcat.TomcatWebServer  : Tomcat initialized with port 9090 (http)
2025-12-28T00:57:39.629+05:30  INFO 10948 --- [  restartedMain] o.apache.catalina.core.StandardService   : Starting service [Tomcat]
2025-12-28T00:57:39.631+05:30  INFO 10948 --- [  restartedMain] o.apache.catalina.core.StandardEngine    : Starting Servlet engine: [Apache Tomcat/10.1.20]
2025-12-28T00:57:39.763+05:30  INFO 10948 --- [  restartedMain] o.a.c.c.C.[Tomcat].[localhost].[/]       : Initializing Spring embedded WebApplicationContext
2025-12-28T00:57:39.765+05:30  INFO 10948 --- [  restartedMain] w.s.c.ServletWebServerApplicationContext : Root WebApplicationContext: initialization completed in 5023 ms
2025-12-28T00:57:39.886+05:30 DEBUG 10948 --- [  restartedMain] com.zaxxer.hikari.HikariConfig           : Driver class org.postgresql.Driver found in Thread context class loader TomcatEmbeddedWebappClassLoader
  context: ROOT
  delegate: true
----------> Parent Classloader:
org.springframework.boot.devtools.restart.classloader.RestartClassLoader@f104b18

2025-12-28T00:57:40.130+05:30  INFO 10948 --- [  restartedMain] o.hibernate.jpa.internal.util.LogHelper  : HHH000204: Processing PersistenceUnitInfo [name: default]
2025-12-28T00:57:40.261+05:30  INFO 10948 --- [  restartedMain] org.hibernate.Version                    : HHH000412: Hibernate ORM core version 6.4.4.Final
2025-12-28T00:57:40.337+05:30  INFO 10948 --- [  restartedMain] o.h.c.internal.RegionFactoryInitiator    : HHH000026: Second-level cache disabled
2025-12-28T00:57:41.108+05:30  INFO 10948 --- [  restartedMain] o.s.o.j.p.SpringPersistenceUnitInfo      : No LoadTimeWeaver setup: ignoring JPA class transformer
2025-12-28T00:57:41.216+05:30 DEBUG 10948 --- [  restartedMain] com.zaxxer.hikari.HikariConfig           : HikariPool-1 - configuration:
2025-12-28T00:57:41.230+05:30 DEBUG 10948 --- [  restartedMain] com.zaxxer.hikari.HikariConfig           : allowPoolSuspension.............false
2025-12-28T00:57:41.231+05:30 DEBUG 10948 --- [  restartedMain] com.zaxxer.hikari.HikariConfig           : autoCommit......................true
2025-12-28T00:57:41.232+05:30 DEBUG 10948 --- [  restartedMain] com.zaxxer.hikari.HikariConfig           : catalog.........................none
2025-12-28T00:57:41.232+05:30 DEBUG 10948 --- [  restartedMain] com.zaxxer.hikari.HikariConfig           : connectionInitSql...............none
2025-12-28T00:57:41.233+05:30 DEBUG 10948 --- [  restartedMain] com.zaxxer.hikari.HikariConfig           : connectionTestQuery.............none
2025-12-28T00:57:41.236+05:30 DEBUG 10948 --- [  restartedMain] com.zaxxer.hikari.HikariConfig           : connectionTimeout...............30000
2025-12-28T00:57:41.236+05:30 DEBUG 10948 --- [  restartedMain] com.zaxxer.hikari.HikariConfig           : dataSource......................none
2025-12-28T00:57:41.236+05:30 DEBUG 10948 --- [  restartedMain] com.zaxxer.hikari.HikariConfig           : dataSourceClassName.............none
2025-12-28T00:57:41.237+05:30 DEBUG 10948 --- [  restartedMain] com.zaxxer.hikari.HikariConfig           : dataSourceJNDI..................none
2025-12-28T00:57:41.238+05:30 DEBUG 10948 --- [  restartedMain] com.zaxxer.hikari.HikariConfig           : dataSourceProperties............{password=<masked>}
2025-12-28T00:57:41.239+05:30 DEBUG 10948 --- [  restartedMain] com.zaxxer.hikari.HikariConfig           : driverClassName................."org.postgresql.Driver"
2025-12-28T00:57:41.240+05:30 DEBUG 10948 --- [  restartedMain] com.zaxxer.hikari.HikariConfig           : exceptionOverrideClassName......none
2025-12-28T00:57:41.240+05:30 DEBUG 10948 --- [  restartedMain] com.zaxxer.hikari.HikariConfig           : healthCheckProperties...........{}
2025-12-28T00:57:41.240+05:30 DEBUG 10948 --- [  restartedMain] com.zaxxer.hikari.HikariConfig           : healthCheckRegistry.............none
2025-12-28T00:57:41.242+05:30 DEBUG 10948 --- [  restartedMain] com.zaxxer.hikari.HikariConfig           : idleTimeout.....................600000
2025-12-28T00:57:41.243+05:30 DEBUG 10948 --- [  restartedMain] com.zaxxer.hikari.HikariConfig           : initializationFailTimeout.......1
2025-12-28T00:57:41.244+05:30 DEBUG 10948 --- [  restartedMain] com.zaxxer.hikari.HikariConfig           : isolateInternalQueries..........false
2025-12-28T00:57:41.244+05:30 DEBUG 10948 --- [  restartedMain] com.zaxxer.hikari.HikariConfig           : jdbcUrl.........................jdbc:postgresql://localhost:5432/megamart
2025-12-28T00:57:41.245+05:30 DEBUG 10948 --- [  restartedMain] com.zaxxer.hikari.HikariConfig           : keepaliveTime...................0
2025-12-28T00:57:41.245+05:30 DEBUG 10948 --- [  restartedMain] com.zaxxer.hikari.HikariConfig           : leakDetectionThreshold..........0
2025-12-28T00:57:41.245+05:30 DEBUG 10948 --- [  restartedMain] com.zaxxer.hikari.HikariConfig           : maxLifetime.....................1800000
2025-12-28T00:57:41.246+05:30 DEBUG 10948 --- [  restartedMain] com.zaxxer.hikari.HikariConfig           : maximumPoolSize.................10
2025-12-28T00:57:41.246+05:30 DEBUG 10948 --- [  restartedMain] com.zaxxer.hikari.HikariConfig           : metricRegistry..................none
2025-12-28T00:57:41.247+05:30 DEBUG 10948 --- [  restartedMain] com.zaxxer.hikari.HikariConfig           : metricsTrackerFactory...........none
2025-12-28T00:57:41.247+05:30 DEBUG 10948 --- [  restartedMain] com.zaxxer.hikari.HikariConfig           : minimumIdle.....................10
2025-12-28T00:57:41.247+05:30 DEBUG 10948 --- [  restartedMain] com.zaxxer.hikari.HikariConfig           : password........................<masked>
2025-12-28T00:57:41.248+05:30 DEBUG 10948 --- [  restartedMain] com.zaxxer.hikari.HikariConfig           : poolName........................"HikariPool-1"
2025-12-28T00:57:41.248+05:30 DEBUG 10948 --- [  restartedMain] com.zaxxer.hikari.HikariConfig           : readOnly........................false
2025-12-28T00:57:41.248+05:30 DEBUG 10948 --- [  restartedMain] com.zaxxer.hikari.HikariConfig           : registerMbeans..................false
2025-12-28T00:57:41.249+05:30 DEBUG 10948 --- [  restartedMain] com.zaxxer.hikari.HikariConfig           : scheduledExecutor...............none
2025-12-28T00:57:41.249+05:30 DEBUG 10948 --- [  restartedMain] com.zaxxer.hikari.HikariConfig           : schema..........................none
2025-12-28T00:57:41.250+05:30 DEBUG 10948 --- [  restartedMain] com.zaxxer.hikari.HikariConfig           : threadFactory...................internal
2025-12-28T00:57:41.250+05:30 DEBUG 10948 --- [  restartedMain] com.zaxxer.hikari.HikariConfig           : transactionIsolation............default
2025-12-28T00:57:41.250+05:30 DEBUG 10948 --- [  restartedMain] com.zaxxer.hikari.HikariConfig           : username........................"postgres"
2025-12-28T00:57:41.251+05:30 DEBUG 10948 --- [  restartedMain] com.zaxxer.hikari.HikariConfig           : validationTimeout...............5000
2025-12-28T00:57:41.251+05:30  INFO 10948 --- [  restartedMain] com.zaxxer.hikari.HikariDataSource       : HikariPool-1 - Starting...
2025-12-28T00:57:41.755+05:30  INFO 10948 --- [  restartedMain] com.zaxxer.hikari.pool.HikariPool        : HikariPool-1 - Added connection org.postgresql.jdbc.PgConnection@6c27f26f
2025-12-28T00:57:41.758+05:30  INFO 10948 --- [  restartedMain] com.zaxxer.hikari.HikariDataSource       : HikariPool-1 - Start completed.
2025-12-28T00:57:41.857+05:30  WARN 10948 --- [  restartedMain] org.hibernate.orm.deprecation            : HHH90000025: PostgreSQLDialect does not need to be specified explicitly using 'hibernate.dialect' (remove the property setting and it will be selected by default)
2025-12-28T00:57:41.871+05:30 DEBUG 10948 --- [l-1 housekeeper] com.zaxxer.hikari.pool.HikariPool        : HikariPool-1 - Pool stats (total=1, active=1, idle=0, waiting=0)
2025-12-28T00:57:42.039+05:30 DEBUG 10948 --- [onnection adder] com.zaxxer.hikari.pool.HikariPool        : HikariPool-1 - Added connection org.postgresql.jdbc.PgConnection@5380ea39
2025-12-28T00:57:42.211+05:30 DEBUG 10948 --- [onnection adder] com.zaxxer.hikari.pool.HikariPool        : HikariPool-1 - Added connection org.postgresql.jdbc.PgConnection@59788149
2025-12-28T00:57:42.446+05:30 DEBUG 10948 --- [onnection adder] com.zaxxer.hikari.pool.HikariPool        : HikariPool-1 - Added connection org.postgresql.jdbc.PgConnection@1c7a1402
2025-12-28T00:57:42.616+05:30 DEBUG 10948 --- [onnection adder] com.zaxxer.hikari.pool.HikariPool        : HikariPool-1 - Added connection org.postgresql.jdbc.PgConnection@48fff496
2025-12-28T00:57:42.878+05:30 DEBUG 10948 --- [onnection adder] com.zaxxer.hikari.pool.HikariPool        : HikariPool-1 - Added connection org.postgresql.jdbc.PgConnection@2dac8d66
2025-12-28T00:57:43.037+05:30 DEBUG 10948 --- [onnection adder] com.zaxxer.hikari.pool.HikariPool        : HikariPool-1 - Added connection org.postgresql.jdbc.PgConnection@30c33353
2025-12-28T00:57:43.177+05:30 DEBUG 10948 --- [onnection adder] com.zaxxer.hikari.pool.HikariPool        : HikariPool-1 - Added connection org.postgresql.jdbc.PgConnection@7c55eb4d
2025-12-28T00:57:43.352+05:30 DEBUG 10948 --- [onnection adder] com.zaxxer.hikari.pool.HikariPool        : HikariPool-1 - Added connection org.postgresql.jdbc.PgConnection@4b39fb15
2025-12-28T00:57:43.527+05:30 DEBUG 10948 --- [onnection adder] com.zaxxer.hikari.pool.HikariPool        : HikariPool-1 - Added connection org.postgresql.jdbc.PgConnection@2b788a9
2025-12-28T00:57:43.549+05:30 DEBUG 10948 --- [onnection adder] com.zaxxer.hikari.pool.HikariPool        : HikariPool-1 - After adding stats (total=10, active=0, idle=10, waiting=0)
2025-12-28T00:57:46.001+05:30  INFO 10948 --- [  restartedMain] o.h.e.t.j.p.i.JtaPlatformInitiator       : HHH000489: No JTA platform available (set 'hibernate.transaction.jta.platform' to enable JTA platform integration)
2025-12-28T00:57:46.711+05:30  INFO 10948 --- [  restartedMain] j.LocalContainerEntityManagerFactoryBean : Initialized JPA EntityManagerFactory for persistence unit 'default'
2025-12-28T00:57:47.496+05:30 DEBUG 10948 --- [  restartedMain] c.m.b.security.JwtAuthenticationFilter   : Filter 'jwtAuthenticationFilter' configured for use
2025-12-28T00:57:47.623+05:30  INFO 10948 --- [  restartedMain] o.s.d.j.r.query.QueryEnhancerFactory     : Hibernate is in classpath; If applicable, HQL parser will be used.
2025-12-28T00:57:52.098+05:30  WARN 10948 --- [  restartedMain] JpaBaseConfiguration$JpaWebConfiguration : spring.jpa.open-in-view is enabled by default. Therefore, database queries may be performed during view rendering. Explicitly configure spring.jpa.open-in-view to disable this warning
2025-12-28T00:57:54.123+05:30 DEBUG 10948 --- [  restartedMain] s.w.s.m.m.a.RequestMappingHandlerMapping : 116 mappings in 'requestMappingHandlerMapping'
2025-12-28T00:57:54.345+05:30 DEBUG 10948 --- [  restartedMain] o.s.w.s.handler.SimpleUrlHandlerMapping  : Patterns [/webjars/**, /**, /swagger-ui*/*swagger-initializer.js, /swagger-ui*/**] in 'resourceHandlerMapping'
2025-12-28T00:57:54.547+05:30  INFO 10948 --- [  restartedMain] o.s.s.web.DefaultSecurityFilterChain     : Will secure any request with [org.springframework.security.web.session.DisableEncodeUrlFilter@6dc6e482, org.springframework.security.web.context.request.async.WebAsyncManagerIntegrationFilter@67babb91, org.springframework.security.web.context.SecurityContextHolderFilter@52ff022c, org.springframework.security.web.header.HeaderWriterFilter@6f5a1a7f, org.springframework.web.filter.CorsFilter@1ba394c9, org.springframework.security.web.authentication.logout.LogoutFilter@6208f0ec, com.megamart.backend.security.JwtAuthenticationFilter@14a08bc5, org.springframework.security.web.savedrequest.RequestCacheAwareFilter@374718e0, org.springframework.security.web.servletapi.SecurityContextHolderAwareRequestFilter@6368abb8, org.springframework.security.web.authentication.AnonymousAuthenticationFilter@45fe53cc, org.springframework.security.web.session.SessionManagementFilter@50204ed3, org.springframework.security.web.access.ExceptionTranslationFilter@2679f07b, org.springframework.security.web.access.intercept.AuthorizationFilter@38964c1f]
2025-12-28T00:57:54.949+05:30 DEBUG 10948 --- [  restartedMain] s.w.s.m.m.a.RequestMappingHandlerAdapter : ControllerAdvice beans: 0 @ModelAttribute, 0 @InitBinder, 1 RequestBodyAdvice, 1 ResponseBodyAdvice
2025-12-28T00:57:55.047+05:30 DEBUG 10948 --- [  restartedMain] .m.m.a.ExceptionHandlerExceptionResolver : ControllerAdvice beans: 2 @ExceptionHandler, 1 ResponseBodyAdvice
2025-12-28T00:57:57.417+05:30  INFO 10948 --- [  restartedMain] o.s.b.d.a.OptionalLiveReloadServer       : LiveReload server is running on port 35729
2025-12-28T00:57:58.074+05:30  INFO 10948 --- [  restartedMain] o.s.b.w.embedded.tomcat.TomcatWebServer  : Tomcat started on port 9090 (http) with context path ''
2025-12-28T00:57:58.115+05:30  INFO 10948 --- [  restartedMain] c.megamart.backend.BackendApplication    : Started BackendApplication in 24.591 seconds (process running for 25.925)
2025-12-28T00:57:58.561+05:30 DEBUG 10948 --- [  restartedMain] org.hibernate.SQL                        : 
    /* <criteria> */ select
        u1_0.id,
        u1_0.approved_at,
        u1_0.approved_by,
        u1_0.created_at,
        u1_0.email,
        u1_0.employee_id,
        u1_0.full_name,
        u1_0.last_ip,
        u1_0.last_login,
        u1_0.last_logout,
        u1_0.location_json,
        u1_0.password_hash,
        u1_0.phone,
        u1_0.role,
        u1_0.shift_id,
        u1_0.status,
        u1_0.updated_at 
    from
        users u1_0 
    where
        u1_0.email=?
Hibernate: 
    /* <criteria> */ select
        u1_0.id,
        u1_0.approved_at,
        u1_0.approved_by,
        u1_0.created_at,
        u1_0.email,
        u1_0.employee_id,
        u1_0.full_name,
        u1_0.last_ip,
        u1_0.last_login,
        u1_0.last_logout,
        u1_0.location_json,
        u1_0.password_hash,
        u1_0.phone,
        u1_0.role,
        u1_0.shift_id,
        u1_0.status,
        u1_0.updated_at 
    from
        users u1_0 
    where
        u1_0.email=?
2025-12-28T00:57:58.663+05:30 DEBUG 10948 --- [  restartedMain] org.hibernate.SQL                        : 
    /* <criteria> */ select
        u1_0.id,
        u1_0.approved_at,
        u1_0.approved_by,
        u1_0.created_at,
        u1_0.email,
        u1_0.employee_id,
        u1_0.full_name,
        u1_0.last_ip,
        u1_0.last_login,
        u1_0.last_logout,
        u1_0.location_json,
        u1_0.password_hash,
        u1_0.phone,
        u1_0.role,
        u1_0.shift_id,
        u1_0.status,
        u1_0.updated_at 
    from
        users u1_0 
    where
        u1_0.email=?
Hibernate: 
    /* <criteria> */ select
        u1_0.id,
        u1_0.approved_at,
        u1_0.approved_by,
        u1_0.created_at,
        u1_0.email,
        u1_0.employee_id,
        u1_0.full_name,
        u1_0.last_ip,
        u1_0.last_login,
        u1_0.last_logout,
        u1_0.location_json,
        u1_0.password_hash,
        u1_0.phone,
        u1_0.role,
        u1_0.shift_id,
        u1_0.status,
        u1_0.updated_at 
    from
        users u1_0 
    where
        u1_0.email=?
2025-12-28T00:57:58.673+05:30 DEBUG 10948 --- [  restartedMain] org.hibernate.SQL                        : 
    /* <criteria> */ select
        u1_0.id 
    from
        users u1_0 
    where
        u1_0.email=? 
    fetch
        first ? rows only
Hibernate: 
    /* <criteria> */ select
        u1_0.id 
    from
        users u1_0 
    where
        u1_0.email=? 
    fetch
        first ? rows only
2025-12-28T00:57:58.678+05:30  INFO 10948 --- [  restartedMain] c.m.backend.config.DatabaseInitializer   : ℹ️  ADMIN user already exists
2025-12-28T00:57:58.680+05:30 DEBUG 10948 --- [  restartedMain] org.hibernate.SQL                        : 
    /* <criteria> */ select
        u1_0.id 
    from
        users u1_0 
    where
        u1_0.email=? 
    fetch
        first ? rows only
Hibernate: 
    /* <criteria> */ select
        u1_0.id 
    from
        users u1_0 
    where
        u1_0.email=? 
    fetch
        first ? rows only
2025-12-28T00:57:58.682+05:30  INFO 10948 --- [  restartedMain] c.m.backend.config.DatabaseInitializer   : ℹ️  HR user already exists
2025-12-28T00:57:58.684+05:30 DEBUG 10948 --- [  restartedMain] org.hibernate.SQL                        : 
    /* <criteria> */ select
        u1_0.id 
    from
        users u1_0 
    where
        u1_0.email=? 
    fetch
        first ? rows only
Hibernate: 
    /* <criteria> */ select
        u1_0.id 
    from
        users u1_0 
    where
        u1_0.email=? 
    fetch
        first ? rows only
2025-12-28T00:57:58.685+05:30  INFO 10948 --- [  restartedMain] c.m.backend.config.DatabaseInitializer   : ℹ️  EMPLOYEE user already exists
2025-12-28T00:57:58.687+05:30  INFO 10948 --- [  restartedMain] c.m.backend.config.DatabaseInitializer   : 🎉 Database initialization complete!
2025-12-28T00:57:58.687+05:30  INFO 10948 --- [  restartedMain] c.m.backend.config.DatabaseConfig        : 🛠️ Attempting to patch database schema...
2025-12-28T00:57:58.740+05:30  INFO 10948 --- [  restartedMain] c.m.backend.config.DatabaseConfig        : ✅ Successfully altered photo_url column to TEXT
2025-12-28T00:58:11.884+05:30 DEBUG 10948 --- [l-1 housekeeper] com.zaxxer.hikari.pool.HikariPool        : HikariPool-1 - Pool stats (total=10, active=0, idle=10, waiting=0)
2025-12-28T00:58:11.884+05:30 DEBUG 10948 --- [l-1 housekeeper] com.zaxxer.hikari.pool.HikariPool        : HikariPool-1 - Fill pool skipped, pool has sufficient level or currently being filled (queueDepth=0).
2025-12-28T00:58:41.890+05:30 DEBUG 10948 --- [l-1 housekeeper] com.zaxxer.hikari.pool.HikariPool        : HikariPool-1 - Pool stats (total=10, active=0, idle=10, waiting=0)
2025-12-28T00:58:41.890+05:30 DEBUG 10948 --- [l-1 housekeeper] com.zaxxer.hikari.pool.HikariPool        : HikariPool-1 - Fill pool skipped, pool has sufficient level or currently being filled (queueDepth=0).
